<?xml version="1.0" encoding="UTF-8"?>
<testsuite xmlns:xsi="http://www.w3.org/2001/XMLSchema-instance" xsi:noNamespaceSchemaLocation="https://maven.apache.org/surefire/maven-surefire-plugin/xsd/surefire-test-report.xsd" name="com.star.MyblogApplicationTests" time="4.988" tests="1" errors="0" skipped="0" failures="0">
  <properties>
    <property name="sun.desktop" value="windows"/>
    <property name="awt.toolkit" value="sun.awt.windows.WToolkit"/>
    <property name="java.specification.version" value="11"/>
    <property name="sun.cpu.isalist" value="amd64"/>
    <property name="sun.jnu.encoding" value="GBK"/>
    <property name="java.class.path" value="D:\IDEA_Project\myblog-mybatis\target\test-classes;D:\IDEA_Project\myblog-mybatis\target\classes;D:\IDEA_Project\JAVA_Web\JAVA_Libs\maven_local_repository\org\springframework\boot\spring-boot-starter-thymeleaf\2.2.5.RELEASE\spring-boot-starter-thymeleaf-2.2.5.RELEASE.jar;D:\IDEA_Project\JAVA_Web\JAVA_Libs\maven_local_repository\org\springframework\boot\spring-boot-starter\2.2.5.RELEASE\spring-boot-starter-2.2.5.RELEASE.jar;D:\IDEA_Project\JAVA_Web\JAVA_Libs\maven_local_repository\org\springframework\boot\spring-boot-starter-logging\2.2.5.RELEASE\spring-boot-starter-logging-2.2.5.RELEASE.jar;D:\IDEA_Project\JAVA_Web\JAVA_Libs\maven_local_repository\ch\qos\logback\logback-classic\1.2.3\logback-classic-1.2.3.jar;D:\IDEA_Project\JAVA_Web\JAVA_Libs\maven_local_repository\ch\qos\logback\logback-core\1.2.3\logback-core-1.2.3.jar;D:\IDEA_Project\JAVA_Web\JAVA_Libs\maven_local_repository\org\apache\logging\log4j\log4j-to-slf4j\2.12.1\log4j-to-slf4j-2.12.1.jar;D:\IDEA_Project\JAVA_Web\JAVA_Libs\maven_local_repository\org\apache\logging\log4j\log4j-api\2.12.1\log4j-api-2.12.1.jar;D:\IDEA_Project\JAVA_Web\JAVA_Libs\maven_local_repository\org\slf4j\jul-to-slf4j\1.7.30\jul-to-slf4j-1.7.30.jar;D:\IDEA_Project\JAVA_Web\JAVA_Libs\maven_local_repository\jakarta\annotation\jakarta.annotation-api\1.3.5\jakarta.annotation-api-1.3.5.jar;D:\IDEA_Project\JAVA_Web\JAVA_Libs\maven_local_repository\org\yaml\snakeyaml\1.25\snakeyaml-1.25.jar;D:\IDEA_Project\JAVA_Web\JAVA_Libs\maven_local_repository\org\thymeleaf\thymeleaf-spring5\3.0.11.RELEASE\thymeleaf-spring5-3.0.11.RELEASE.jar;D:\IDEA_Project\JAVA_Web\JAVA_Libs\maven_local_repository\org\thymeleaf\thymeleaf\3.0.11.RELEASE\thymeleaf-3.0.11.RELEASE.jar;D:\IDEA_Project\JAVA_Web\JAVA_Libs\maven_local_repository\org\attoparser\attoparser\2.0.5.RELEASE\attoparser-2.0.5.RELEASE.jar;D:\IDEA_Project\JAVA_Web\JAVA_Libs\maven_local_repository\org\unbescape\unbescape\1.1.6.RELEASE\unbescape-1.1.6.RELEASE.jar;D:\IDEA_Project\JAVA_Web\JAVA_Libs\maven_local_repository\org\slf4j\slf4j-api\1.7.30\slf4j-api-1.7.30.jar;D:\IDEA_Project\JAVA_Web\JAVA_Libs\maven_local_repository\org\thymeleaf\extras\thymeleaf-extras-java8time\3.0.4.RELEASE\thymeleaf-extras-java8time-3.0.4.RELEASE.jar;D:\IDEA_Project\JAVA_Web\JAVA_Libs\maven_local_repository\org\springframework\boot\spring-boot-starter-aop\2.2.5.RELEASE\spring-boot-starter-aop-2.2.5.RELEASE.jar;D:\IDEA_Project\JAVA_Web\JAVA_Libs\maven_local_repository\org\springframework\spring-aop\5.2.4.RELEASE\spring-aop-5.2.4.RELEASE.jar;D:\IDEA_Project\JAVA_Web\JAVA_Libs\maven_local_repository\org\springframework\spring-beans\5.2.4.RELEASE\spring-beans-5.2.4.RELEASE.jar;D:\IDEA_Project\JAVA_Web\JAVA_Libs\maven_local_repository\org\aspectj\aspectjweaver\1.9.5\aspectjweaver-1.9.5.jar;D:\IDEA_Project\JAVA_Web\JAVA_Libs\maven_local_repository\org\springframework\boot\spring-boot-starter-web\2.2.5.RELEASE\spring-boot-starter-web-2.2.5.RELEASE.jar;D:\IDEA_Project\JAVA_Web\JAVA_Libs\maven_local_repository\org\springframework\boot\spring-boot-starter-json\2.2.5.RELEASE\spring-boot-starter-json-2.2.5.RELEASE.jar;D:\IDEA_Project\JAVA_Web\JAVA_Libs\maven_local_repository\com\fasterxml\jackson\core\jackson-databind\2.10.2\jackson-databind-2.10.2.jar;D:\IDEA_Project\JAVA_Web\JAVA_Libs\maven_local_repository\com\fasterxml\jackson\core\jackson-annotations\2.10.2\jackson-annotations-2.10.2.jar;D:\IDEA_Project\JAVA_Web\JAVA_Libs\maven_local_repository\com\fasterxml\jackson\core\jackson-core\2.10.2\jackson-core-2.10.2.jar;D:\IDEA_Project\JAVA_Web\JAVA_Libs\maven_local_repository\com\fasterxml\jackson\datatype\jackson-datatype-jdk8\2.10.2\jackson-datatype-jdk8-2.10.2.jar;D:\IDEA_Project\JAVA_Web\JAVA_Libs\maven_local_repository\com\fasterxml\jackson\datatype\jackson-datatype-jsr310\2.10.2\jackson-datatype-jsr310-2.10.2.jar;D:\IDEA_Project\JAVA_Web\JAVA_Libs\maven_local_repository\com\fasterxml\jackson\module\jackson-module-parameter-names\2.10.2\jackson-module-parameter-names-2.10.2.jar;D:\IDEA_Project\JAVA_Web\JAVA_Libs\maven_local_repository\org\springframework\boot\spring-boot-starter-tomcat\2.2.5.RELEASE\spring-boot-starter-tomcat-2.2.5.RELEASE.jar;D:\IDEA_Project\JAVA_Web\JAVA_Libs\maven_local_repository\org\apache\tomcat\embed\tomcat-embed-core\9.0.31\tomcat-embed-core-9.0.31.jar;D:\IDEA_Project\JAVA_Web\JAVA_Libs\maven_local_repository\org\apache\tomcat\embed\tomcat-embed-el\9.0.31\tomcat-embed-el-9.0.31.jar;D:\IDEA_Project\JAVA_Web\JAVA_Libs\maven_local_repository\org\apache\tomcat\embed\tomcat-embed-websocket\9.0.31\tomcat-embed-websocket-9.0.31.jar;D:\IDEA_Project\JAVA_Web\JAVA_Libs\maven_local_repository\org\springframework\boot\spring-boot-starter-validation\2.2.5.RELEASE\spring-boot-starter-validation-2.2.5.RELEASE.jar;D:\IDEA_Project\JAVA_Web\JAVA_Libs\maven_local_repository\jakarta\validation\jakarta.validation-api\2.0.2\jakarta.validation-api-2.0.2.jar;D:\IDEA_Project\JAVA_Web\JAVA_Libs\maven_local_repository\org\hibernate\validator\hibernate-validator\6.0.18.Final\hibernate-validator-6.0.18.Final.jar;D:\IDEA_Project\JAVA_Web\JAVA_Libs\maven_local_repository\org\jboss\logging\jboss-logging\3.4.1.Final\jboss-logging-3.4.1.Final.jar;D:\IDEA_Project\JAVA_Web\JAVA_Libs\maven_local_repository\com\fasterxml\classmate\1.5.1\classmate-1.5.1.jar;D:\IDEA_Project\JAVA_Web\JAVA_Libs\maven_local_repository\org\springframework\spring-web\5.2.4.RELEASE\spring-web-5.2.4.RELEASE.jar;D:\IDEA_Project\JAVA_Web\JAVA_Libs\maven_local_repository\org\springframework\spring-webmvc\5.2.4.RELEASE\spring-webmvc-5.2.4.RELEASE.jar;D:\IDEA_Project\JAVA_Web\JAVA_Libs\maven_local_repository\org\springframework\spring-context\5.2.4.RELEASE\spring-context-5.2.4.RELEASE.jar;D:\IDEA_Project\JAVA_Web\JAVA_Libs\maven_local_repository\org\springframework\spring-expression\5.2.4.RELEASE\spring-expression-5.2.4.RELEASE.jar;D:\IDEA_Project\JAVA_Web\JAVA_Libs\maven_local_repository\org\mybatis\spring\boot\mybatis-spring-boot-starter\2.1.2\mybatis-spring-boot-starter-2.1.2.jar;D:\IDEA_Project\JAVA_Web\JAVA_Libs\maven_local_repository\org\springframework\boot\spring-boot-starter-jdbc\2.2.5.RELEASE\spring-boot-starter-jdbc-2.2.5.RELEASE.jar;D:\IDEA_Project\JAVA_Web\JAVA_Libs\maven_local_repository\com\zaxxer\HikariCP\3.4.2\HikariCP-3.4.2.jar;D:\IDEA_Project\JAVA_Web\JAVA_Libs\maven_local_repository\org\springframework\spring-jdbc\5.2.4.RELEASE\spring-jdbc-5.2.4.RELEASE.jar;D:\IDEA_Project\JAVA_Web\JAVA_Libs\maven_local_repository\org\springframework\spring-tx\5.2.4.RELEASE\spring-tx-5.2.4.RELEASE.jar;D:\IDEA_Project\JAVA_Web\JAVA_Libs\maven_local_repository\org\mybatis\spring\boot\mybatis-spring-boot-autoconfigure\2.1.2\mybatis-spring-boot-autoconfigure-2.1.2.jar;D:\IDEA_Project\JAVA_Web\JAVA_Libs\maven_local_repository\org\mybatis\mybatis\3.5.4\mybatis-3.5.4.jar;D:\IDEA_Project\JAVA_Web\JAVA_Libs\maven_local_repository\org\mybatis\mybatis-spring\2.0.4\mybatis-spring-2.0.4.jar;D:\IDEA_Project\JAVA_Web\JAVA_Libs\maven_local_repository\org\springframework\boot\spring-boot-devtools\2.2.5.RELEASE\spring-boot-devtools-2.2.5.RELEASE.jar;D:\IDEA_Project\JAVA_Web\JAVA_Libs\maven_local_repository\org\springframework\boot\spring-boot\2.2.5.RELEASE\spring-boot-2.2.5.RELEASE.jar;D:\IDEA_Project\JAVA_Web\JAVA_Libs\maven_local_repository\org\springframework\boot\spring-boot-autoconfigure\2.2.5.RELEASE\spring-boot-autoconfigure-2.2.5.RELEASE.jar;D:\IDEA_Project\JAVA_Web\JAVA_Libs\maven_local_repository\mysql\mysql-connector-java\8.0.19\mysql-connector-java-8.0.19.jar;D:\IDEA_Project\JAVA_Web\JAVA_Libs\maven_local_repository\org\springframework\boot\spring-boot-starter-test\2.2.5.RELEASE\spring-boot-starter-test-2.2.5.RELEASE.jar;D:\IDEA_Project\JAVA_Web\JAVA_Libs\maven_local_repository\org\springframework\boot\spring-boot-test\2.2.5.RELEASE\spring-boot-test-2.2.5.RELEASE.jar;D:\IDEA_Project\JAVA_Web\JAVA_Libs\maven_local_repository\org\springframework\boot\spring-boot-test-autoconfigure\2.2.5.RELEASE\spring-boot-test-autoconfigure-2.2.5.RELEASE.jar;D:\IDEA_Project\JAVA_Web\JAVA_Libs\maven_local_repository\com\jayway\jsonpath\json-path\2.4.0\json-path-2.4.0.jar;D:\IDEA_Project\JAVA_Web\JAVA_Libs\maven_local_repository\net\minidev\json-smart\2.3\json-smart-2.3.jar;D:\IDEA_Project\JAVA_Web\JAVA_Libs\maven_local_repository\net\minidev\accessors-smart\1.2\accessors-smart-1.2.jar;D:\IDEA_Project\JAVA_Web\JAVA_Libs\maven_local_repository\org\ow2\asm\asm\5.0.4\asm-5.0.4.jar;D:\IDEA_Project\JAVA_Web\JAVA_Libs\maven_local_repository\jakarta\xml\bind\jakarta.xml.bind-api\2.3.2\jakarta.xml.bind-api-2.3.2.jar;D:\IDEA_Project\JAVA_Web\JAVA_Libs\maven_local_repository\jakarta\activation\jakarta.activation-api\1.2.2\jakarta.activation-api-1.2.2.jar;D:\IDEA_Project\JAVA_Web\JAVA_Libs\maven_local_repository\org\junit\jupiter\junit-jupiter\5.5.2\junit-jupiter-5.5.2.jar;D:\IDEA_Project\JAVA_Web\JAVA_Libs\maven_local_repository\org\junit\jupiter\junit-jupiter-api\5.5.2\junit-jupiter-api-5.5.2.jar;D:\IDEA_Project\JAVA_Web\JAVA_Libs\maven_local_repository\org\apiguardian\apiguardian-api\1.1.0\apiguardian-api-1.1.0.jar;D:\IDEA_Project\JAVA_Web\JAVA_Libs\maven_local_repository\org\opentest4j\opentest4j\1.2.0\opentest4j-1.2.0.jar;D:\IDEA_Project\JAVA_Web\JAVA_Libs\maven_local_repository\org\junit\platform\junit-platform-commons\1.5.2\junit-platform-commons-1.5.2.jar;D:\IDEA_Project\JAVA_Web\JAVA_Libs\maven_local_repository\org\junit\jupiter\junit-jupiter-params\5.5.2\junit-jupiter-params-5.5.2.jar;D:\IDEA_Project\JAVA_Web\JAVA_Libs\maven_local_repository\org\junit\jupiter\junit-jupiter-engine\5.5.2\junit-jupiter-engine-5.5.2.jar;D:\IDEA_Project\JAVA_Web\JAVA_Libs\maven_local_repository\org\junit\platform\junit-platform-engine\1.5.2\junit-platform-engine-1.5.2.jar;D:\IDEA_Project\JAVA_Web\JAVA_Libs\maven_local_repository\org\mockito\mockito-junit-jupiter\3.1.0\mockito-junit-jupiter-3.1.0.jar;D:\IDEA_Project\JAVA_Web\JAVA_Libs\maven_local_repository\org\assertj\assertj-core\3.13.2\assertj-core-3.13.2.jar;D:\IDEA_Project\JAVA_Web\JAVA_Libs\maven_local_repository\org\hamcrest\hamcrest\2.1\hamcrest-2.1.jar;D:\IDEA_Project\JAVA_Web\JAVA_Libs\maven_local_repository\org\mockito\mockito-core\3.1.0\mockito-core-3.1.0.jar;D:\IDEA_Project\JAVA_Web\JAVA_Libs\maven_local_repository\net\bytebuddy\byte-buddy\1.10.8\byte-buddy-1.10.8.jar;D:\IDEA_Project\JAVA_Web\JAVA_Libs\maven_local_repository\net\bytebuddy\byte-buddy-agent\1.10.8\byte-buddy-agent-1.10.8.jar;D:\IDEA_Project\JAVA_Web\JAVA_Libs\maven_local_repository\org\objenesis\objenesis\2.6\objenesis-2.6.jar;D:\IDEA_Project\JAVA_Web\JAVA_Libs\maven_local_repository\org\skyscreamer\jsonassert\1.5.0\jsonassert-1.5.0.jar;D:\IDEA_Project\JAVA_Web\JAVA_Libs\maven_local_repository\com\vaadin\external\google\android-json\0.0.20131108.vaadin1\android-json-0.0.20131108.vaadin1.jar;D:\IDEA_Project\JAVA_Web\JAVA_Libs\maven_local_repository\org\springframework\spring-core\5.2.4.RELEASE\spring-core-5.2.4.RELEASE.jar;D:\IDEA_Project\JAVA_Web\JAVA_Libs\maven_local_repository\org\springframework\spring-jcl\5.2.4.RELEASE\spring-jcl-5.2.4.RELEASE.jar;D:\IDEA_Project\JAVA_Web\JAVA_Libs\maven_local_repository\org\springframework\spring-test\5.2.4.RELEASE\spring-test-5.2.4.RELEASE.jar;D:\IDEA_Project\JAVA_Web\JAVA_Libs\maven_local_repository\org\xmlunit\xmlunit-core\2.6.3\xmlunit-core-2.6.3.jar;D:\IDEA_Project\JAVA_Web\JAVA_Libs\maven_local_repository\com\atlassian\commonmark\commonmark\0.10.0\commonmark-0.10.0.jar;D:\IDEA_Project\JAVA_Web\JAVA_Libs\maven_local_repository\com\atlassian\commonmark\commonmark-ext-heading-anchor\0.10.0\commonmark-ext-heading-anchor-0.10.0.jar;D:\IDEA_Project\JAVA_Web\JAVA_Libs\maven_local_repository\com\atlassian\commonmark\commonmark-ext-gfm-tables\0.10.0\commonmark-ext-gfm-tables-0.10.0.jar;D:\IDEA_Project\JAVA_Web\JAVA_Libs\maven_local_repository\com\github\pagehelper\pagehelper-spring-boot-starter\1.2.12\pagehelper-spring-boot-starter-1.2.12.jar;D:\IDEA_Project\JAVA_Web\JAVA_Libs\maven_local_repository\com\github\pagehelper\pagehelper-spring-boot-autoconfigure\1.2.12\pagehelper-spring-boot-autoconfigure-1.2.12.jar;D:\IDEA_Project\JAVA_Web\JAVA_Libs\maven_local_repository\com\github\pagehelper\pagehelper\5.1.10\pagehelper-5.1.10.jar;D:\IDEA_Project\JAVA_Web\JAVA_Libs\maven_local_repository\com\github\jsqlparser\jsqlparser\2.0\jsqlparser-2.0.jar;"/>
    <property name="java.vm.vendor" value="Oracle Corporation"/>
    <property name="sun.arch.data.model" value="64"/>
    <property name="user.variant" value=""/>
    <property name="java.vendor.url" value="https://openjdk.java.net/"/>
    <property name="user.timezone" value="Asia/Shanghai"/>
    <property name="java.vm.specification.version" value="11"/>
    <property name="os.name" value="Windows 10"/>
    <property name="sun.java.launcher" value="SUN_STANDARD"/>
    <property name="user.country" value="CN"/>
    <property name="sun.boot.library.path" value="D:\Program Files\Java\jdk-11.0.7\bin"/>
    <property name="sun.java.command" value="C:\Users\qian\AppData\Local\Temp\surefire9851226761654279946\surefirebooter1436174259668958967.jar C:\Users\qian\AppData\Local\Temp\surefire9851226761654279946 2021-06-17T20-23-16_669-jvmRun1 surefire17912322483173744583tmp surefire_02744902257048465771tmp"/>
    <property name="jdk.debug" value="release"/>
    <property name="surefire.test.class.path" value="D:\IDEA_Project\myblog-mybatis\target\test-classes;D:\IDEA_Project\myblog-mybatis\target\classes;D:\IDEA_Project\JAVA_Web\JAVA_Libs\maven_local_repository\org\springframework\boot\spring-boot-starter-thymeleaf\2.2.5.RELEASE\spring-boot-starter-thymeleaf-2.2.5.RELEASE.jar;D:\IDEA_Project\JAVA_Web\JAVA_Libs\maven_local_repository\org\springframework\boot\spring-boot-starter\2.2.5.RELEASE\spring-boot-starter-2.2.5.RELEASE.jar;D:\IDEA_Project\JAVA_Web\JAVA_Libs\maven_local_repository\org\springframework\boot\spring-boot-starter-logging\2.2.5.RELEASE\spring-boot-starter-logging-2.2.5.RELEASE.jar;D:\IDEA_Project\JAVA_Web\JAVA_Libs\maven_local_repository\ch\qos\logback\logback-classic\1.2.3\logback-classic-1.2.3.jar;D:\IDEA_Project\JAVA_Web\JAVA_Libs\maven_local_repository\ch\qos\logback\logback-core\1.2.3\logback-core-1.2.3.jar;D:\IDEA_Project\JAVA_Web\JAVA_Libs\maven_local_repository\org\apache\logging\log4j\log4j-to-slf4j\2.12.1\log4j-to-slf4j-2.12.1.jar;D:\IDEA_Project\JAVA_Web\JAVA_Libs\maven_local_repository\org\apache\logging\log4j\log4j-api\2.12.1\log4j-api-2.12.1.jar;D:\IDEA_Project\JAVA_Web\JAVA_Libs\maven_local_repository\org\slf4j\jul-to-slf4j\1.7.30\jul-to-slf4j-1.7.30.jar;D:\IDEA_Project\JAVA_Web\JAVA_Libs\maven_local_repository\jakarta\annotation\jakarta.annotation-api\1.3.5\jakarta.annotation-api-1.3.5.jar;D:\IDEA_Project\JAVA_Web\JAVA_Libs\maven_local_repository\org\yaml\snakeyaml\1.25\snakeyaml-1.25.jar;D:\IDEA_Project\JAVA_Web\JAVA_Libs\maven_local_repository\org\thymeleaf\thymeleaf-spring5\3.0.11.RELEASE\thymeleaf-spring5-3.0.11.RELEASE.jar;D:\IDEA_Project\JAVA_Web\JAVA_Libs\maven_local_repository\org\thymeleaf\thymeleaf\3.0.11.RELEASE\thymeleaf-3.0.11.RELEASE.jar;D:\IDEA_Project\JAVA_Web\JAVA_Libs\maven_local_repository\org\attoparser\attoparser\2.0.5.RELEASE\attoparser-2.0.5.RELEASE.jar;D:\IDEA_Project\JAVA_Web\JAVA_Libs\maven_local_repository\org\unbescape\unbescape\1.1.6.RELEASE\unbescape-1.1.6.RELEASE.jar;D:\IDEA_Project\JAVA_Web\JAVA_Libs\maven_local_repository\org\slf4j\slf4j-api\1.7.30\slf4j-api-1.7.30.jar;D:\IDEA_Project\JAVA_Web\JAVA_Libs\maven_local_repository\org\thymeleaf\extras\thymeleaf-extras-java8time\3.0.4.RELEASE\thymeleaf-extras-java8time-3.0.4.RELEASE.jar;D:\IDEA_Project\JAVA_Web\JAVA_Libs\maven_local_repository\org\springframework\boot\spring-boot-starter-aop\2.2.5.RELEASE\spring-boot-starter-aop-2.2.5.RELEASE.jar;D:\IDEA_Project\JAVA_Web\JAVA_Libs\maven_local_repository\org\springframework\spring-aop\5.2.4.RELEASE\spring-aop-5.2.4.RELEASE.jar;D:\IDEA_Project\JAVA_Web\JAVA_Libs\maven_local_repository\org\springframework\spring-beans\5.2.4.RELEASE\spring-beans-5.2.4.RELEASE.jar;D:\IDEA_Project\JAVA_Web\JAVA_Libs\maven_local_repository\org\aspectj\aspectjweaver\1.9.5\aspectjweaver-1.9.5.jar;D:\IDEA_Project\JAVA_Web\JAVA_Libs\maven_local_repository\org\springframework\boot\spring-boot-starter-web\2.2.5.RELEASE\spring-boot-starter-web-2.2.5.RELEASE.jar;D:\IDEA_Project\JAVA_Web\JAVA_Libs\maven_local_repository\org\springframework\boot\spring-boot-starter-json\2.2.5.RELEASE\spring-boot-starter-json-2.2.5.RELEASE.jar;D:\IDEA_Project\JAVA_Web\JAVA_Libs\maven_local_repository\com\fasterxml\jackson\core\jackson-databind\2.10.2\jackson-databind-2.10.2.jar;D:\IDEA_Project\JAVA_Web\JAVA_Libs\maven_local_repository\com\fasterxml\jackson\core\jackson-annotations\2.10.2\jackson-annotations-2.10.2.jar;D:\IDEA_Project\JAVA_Web\JAVA_Libs\maven_local_repository\com\fasterxml\jackson\core\jackson-core\2.10.2\jackson-core-2.10.2.jar;D:\IDEA_Project\JAVA_Web\JAVA_Libs\maven_local_repository\com\fasterxml\jackson\datatype\jackson-datatype-jdk8\2.10.2\jackson-datatype-jdk8-2.10.2.jar;D:\IDEA_Project\JAVA_Web\JAVA_Libs\maven_local_repository\com\fasterxml\jackson\datatype\jackson-datatype-jsr310\2.10.2\jackson-datatype-jsr310-2.10.2.jar;D:\IDEA_Project\JAVA_Web\JAVA_Libs\maven_local_repository\com\fasterxml\jackson\module\jackson-module-parameter-names\2.10.2\jackson-module-parameter-names-2.10.2.jar;D:\IDEA_Project\JAVA_Web\JAVA_Libs\maven_local_repository\org\springframework\boot\spring-boot-starter-tomcat\2.2.5.RELEASE\spring-boot-starter-tomcat-2.2.5.RELEASE.jar;D:\IDEA_Project\JAVA_Web\JAVA_Libs\maven_local_repository\org\apache\tomcat\embed\tomcat-embed-core\9.0.31\tomcat-embed-core-9.0.31.jar;D:\IDEA_Project\JAVA_Web\JAVA_Libs\maven_local_repository\org\apache\tomcat\embed\tomcat-embed-el\9.0.31\tomcat-embed-el-9.0.31.jar;D:\IDEA_Project\JAVA_Web\JAVA_Libs\maven_local_repository\org\apache\tomcat\embed\tomcat-embed-websocket\9.0.31\tomcat-embed-websocket-9.0.31.jar;D:\IDEA_Project\JAVA_Web\JAVA_Libs\maven_local_repository\org\springframework\boot\spring-boot-starter-validation\2.2.5.RELEASE\spring-boot-starter-validation-2.2.5.RELEASE.jar;D:\IDEA_Project\JAVA_Web\JAVA_Libs\maven_local_repository\jakarta\validation\jakarta.validation-api\2.0.2\jakarta.validation-api-2.0.2.jar;D:\IDEA_Project\JAVA_Web\JAVA_Libs\maven_local_repository\org\hibernate\validator\hibernate-validator\6.0.18.Final\hibernate-validator-6.0.18.Final.jar;D:\IDEA_Project\JAVA_Web\JAVA_Libs\maven_local_repository\org\jboss\logging\jboss-logging\3.4.1.Final\jboss-logging-3.4.1.Final.jar;D:\IDEA_Project\JAVA_Web\JAVA_Libs\maven_local_repository\com\fasterxml\classmate\1.5.1\classmate-1.5.1.jar;D:\IDEA_Project\JAVA_Web\JAVA_Libs\maven_local_repository\org\springframework\spring-web\5.2.4.RELEASE\spring-web-5.2.4.RELEASE.jar;D:\IDEA_Project\JAVA_Web\JAVA_Libs\maven_local_repository\org\springframework\spring-webmvc\5.2.4.RELEASE\spring-webmvc-5.2.4.RELEASE.jar;D:\IDEA_Project\JAVA_Web\JAVA_Libs\maven_local_repository\org\springframework\spring-context\5.2.4.RELEASE\spring-context-5.2.4.RELEASE.jar;D:\IDEA_Project\JAVA_Web\JAVA_Libs\maven_local_repository\org\springframework\spring-expression\5.2.4.RELEASE\spring-expression-5.2.4.RELEASE.jar;D:\IDEA_Project\JAVA_Web\JAVA_Libs\maven_local_repository\org\mybatis\spring\boot\mybatis-spring-boot-starter\2.1.2\mybatis-spring-boot-starter-2.1.2.jar;D:\IDEA_Project\JAVA_Web\JAVA_Libs\maven_local_repository\org\springframework\boot\spring-boot-starter-jdbc\2.2.5.RELEASE\spring-boot-starter-jdbc-2.2.5.RELEASE.jar;D:\IDEA_Project\JAVA_Web\JAVA_Libs\maven_local_repository\com\zaxxer\HikariCP\3.4.2\HikariCP-3.4.2.jar;D:\IDEA_Project\JAVA_Web\JAVA_Libs\maven_local_repository\org\springframework\spring-jdbc\5.2.4.RELEASE\spring-jdbc-5.2.4.RELEASE.jar;D:\IDEA_Project\JAVA_Web\JAVA_Libs\maven_local_repository\org\springframework\spring-tx\5.2.4.RELEASE\spring-tx-5.2.4.RELEASE.jar;D:\IDEA_Project\JAVA_Web\JAVA_Libs\maven_local_repository\org\mybatis\spring\boot\mybatis-spring-boot-autoconfigure\2.1.2\mybatis-spring-boot-autoconfigure-2.1.2.jar;D:\IDEA_Project\JAVA_Web\JAVA_Libs\maven_local_repository\org\mybatis\mybatis\3.5.4\mybatis-3.5.4.jar;D:\IDEA_Project\JAVA_Web\JAVA_Libs\maven_local_repository\org\mybatis\mybatis-spring\2.0.4\mybatis-spring-2.0.4.jar;D:\IDEA_Project\JAVA_Web\JAVA_Libs\maven_local_repository\org\springframework\boot\spring-boot-devtools\2.2.5.RELEASE\spring-boot-devtools-2.2.5.RELEASE.jar;D:\IDEA_Project\JAVA_Web\JAVA_Libs\maven_local_repository\org\springframework\boot\spring-boot\2.2.5.RELEASE\spring-boot-2.2.5.RELEASE.jar;D:\IDEA_Project\JAVA_Web\JAVA_Libs\maven_local_repository\org\springframework\boot\spring-boot-autoconfigure\2.2.5.RELEASE\spring-boot-autoconfigure-2.2.5.RELEASE.jar;D:\IDEA_Project\JAVA_Web\JAVA_Libs\maven_local_repository\mysql\mysql-connector-java\8.0.19\mysql-connector-java-8.0.19.jar;D:\IDEA_Project\JAVA_Web\JAVA_Libs\maven_local_repository\org\springframework\boot\spring-boot-starter-test\2.2.5.RELEASE\spring-boot-starter-test-2.2.5.RELEASE.jar;D:\IDEA_Project\JAVA_Web\JAVA_Libs\maven_local_repository\org\springframework\boot\spring-boot-test\2.2.5.RELEASE\spring-boot-test-2.2.5.RELEASE.jar;D:\IDEA_Project\JAVA_Web\JAVA_Libs\maven_local_repository\org\springframework\boot\spring-boot-test-autoconfigure\2.2.5.RELEASE\spring-boot-test-autoconfigure-2.2.5.RELEASE.jar;D:\IDEA_Project\JAVA_Web\JAVA_Libs\maven_local_repository\com\jayway\jsonpath\json-path\2.4.0\json-path-2.4.0.jar;D:\IDEA_Project\JAVA_Web\JAVA_Libs\maven_local_repository\net\minidev\json-smart\2.3\json-smart-2.3.jar;D:\IDEA_Project\JAVA_Web\JAVA_Libs\maven_local_repository\net\minidev\accessors-smart\1.2\accessors-smart-1.2.jar;D:\IDEA_Project\JAVA_Web\JAVA_Libs\maven_local_repository\org\ow2\asm\asm\5.0.4\asm-5.0.4.jar;D:\IDEA_Project\JAVA_Web\JAVA_Libs\maven_local_repository\jakarta\xml\bind\jakarta.xml.bind-api\2.3.2\jakarta.xml.bind-api-2.3.2.jar;D:\IDEA_Project\JAVA_Web\JAVA_Libs\maven_local_repository\jakarta\activation\jakarta.activation-api\1.2.2\jakarta.activation-api-1.2.2.jar;D:\IDEA_Project\JAVA_Web\JAVA_Libs\maven_local_repository\org\junit\jupiter\junit-jupiter\5.5.2\junit-jupiter-5.5.2.jar;D:\IDEA_Project\JAVA_Web\JAVA_Libs\maven_local_repository\org\junit\jupiter\junit-jupiter-api\5.5.2\junit-jupiter-api-5.5.2.jar;D:\IDEA_Project\JAVA_Web\JAVA_Libs\maven_local_repository\org\apiguardian\apiguardian-api\1.1.0\apiguardian-api-1.1.0.jar;D:\IDEA_Project\JAVA_Web\JAVA_Libs\maven_local_repository\org\opentest4j\opentest4j\1.2.0\opentest4j-1.2.0.jar;D:\IDEA_Project\JAVA_Web\JAVA_Libs\maven_local_repository\org\junit\platform\junit-platform-commons\1.5.2\junit-platform-commons-1.5.2.jar;D:\IDEA_Project\JAVA_Web\JAVA_Libs\maven_local_repository\org\junit\jupiter\junit-jupiter-params\5.5.2\junit-jupiter-params-5.5.2.jar;D:\IDEA_Project\JAVA_Web\JAVA_Libs\maven_local_repository\org\junit\jupiter\junit-jupiter-engine\5.5.2\junit-jupiter-engine-5.5.2.jar;D:\IDEA_Project\JAVA_Web\JAVA_Libs\maven_local_repository\org\junit\platform\junit-platform-engine\1.5.2\junit-platform-engine-1.5.2.jar;D:\IDEA_Project\JAVA_Web\JAVA_Libs\maven_local_repository\org\mockito\mockito-junit-jupiter\3.1.0\mockito-junit-jupiter-3.1.0.jar;D:\IDEA_Project\JAVA_Web\JAVA_Libs\maven_local_repository\org\assertj\assertj-core\3.13.2\assertj-core-3.13.2.jar;D:\IDEA_Project\JAVA_Web\JAVA_Libs\maven_local_repository\org\hamcrest\hamcrest\2.1\hamcrest-2.1.jar;D:\IDEA_Project\JAVA_Web\JAVA_Libs\maven_local_repository\org\mockito\mockito-core\3.1.0\mockito-core-3.1.0.jar;D:\IDEA_Project\JAVA_Web\JAVA_Libs\maven_local_repository\net\bytebuddy\byte-buddy\1.10.8\byte-buddy-1.10.8.jar;D:\IDEA_Project\JAVA_Web\JAVA_Libs\maven_local_repository\net\bytebuddy\byte-buddy-agent\1.10.8\byte-buddy-agent-1.10.8.jar;D:\IDEA_Project\JAVA_Web\JAVA_Libs\maven_local_repository\org\objenesis\objenesis\2.6\objenesis-2.6.jar;D:\IDEA_Project\JAVA_Web\JAVA_Libs\maven_local_repository\org\skyscreamer\jsonassert\1.5.0\jsonassert-1.5.0.jar;D:\IDEA_Project\JAVA_Web\JAVA_Libs\maven_local_repository\com\vaadin\external\google\android-json\0.0.20131108.vaadin1\android-json-0.0.20131108.vaadin1.jar;D:\IDEA_Project\JAVA_Web\JAVA_Libs\maven_local_repository\org\springframework\spring-core\5.2.4.RELEASE\spring-core-5.2.4.RELEASE.jar;D:\IDEA_Project\JAVA_Web\JAVA_Libs\maven_local_repository\org\springframework\spring-jcl\5.2.4.RELEASE\spring-jcl-5.2.4.RELEASE.jar;D:\IDEA_Project\JAVA_Web\JAVA_Libs\maven_local_repository\org\springframework\spring-test\5.2.4.RELEASE\spring-test-5.2.4.RELEASE.jar;D:\IDEA_Project\JAVA_Web\JAVA_Libs\maven_local_repository\org\xmlunit\xmlunit-core\2.6.3\xmlunit-core-2.6.3.jar;D:\IDEA_Project\JAVA_Web\JAVA_Libs\maven_local_repository\com\atlassian\commonmark\commonmark\0.10.0\commonmark-0.10.0.jar;D:\IDEA_Project\JAVA_Web\JAVA_Libs\maven_local_repository\com\atlassian\commonmark\commonmark-ext-heading-anchor\0.10.0\commonmark-ext-heading-anchor-0.10.0.jar;D:\IDEA_Project\JAVA_Web\JAVA_Libs\maven_local_repository\com\atlassian\commonmark\commonmark-ext-gfm-tables\0.10.0\commonmark-ext-gfm-tables-0.10.0.jar;D:\IDEA_Project\JAVA_Web\JAVA_Libs\maven_local_repository\com\github\pagehelper\pagehelper-spring-boot-starter\1.2.12\pagehelper-spring-boot-starter-1.2.12.jar;D:\IDEA_Project\JAVA_Web\JAVA_Libs\maven_local_repository\com\github\pagehelper\pagehelper-spring-boot-autoconfigure\1.2.12\pagehelper-spring-boot-autoconfigure-1.2.12.jar;D:\IDEA_Project\JAVA_Web\JAVA_Libs\maven_local_repository\com\github\pagehelper\pagehelper\5.1.10\pagehelper-5.1.10.jar;D:\IDEA_Project\JAVA_Web\JAVA_Libs\maven_local_repository\com\github\jsqlparser\jsqlparser\2.0\jsqlparser-2.0.jar;"/>
    <property name="sun.cpu.endian" value="little"/>
    <property name="user.home" value="C:\Users\qian"/>
    <property name="user.language" value="zh"/>
    <property name="java.specification.vendor" value="Oracle Corporation"/>
    <property name="java.version.date" value="2020-04-14"/>
    <property name="java.home" value="D:\Program Files\Java\jdk-11.0.7"/>
    <property name="file.separator" value="\"/>
    <property name="basedir" value="D:\IDEA_Project\myblog-mybatis"/>
    <property name="java.vm.compressedOopsMode" value="Zero based"/>
    <property name="line.separator" value="&#10;"/>
    <property name="java.specification.name" value="Java Platform API Specification"/>
    <property name="java.vm.specification.vendor" value="Oracle Corporation"/>
    <property name="java.awt.graphicsenv" value="sun.awt.Win32GraphicsEnvironment"/>
    <property name="idea.version2020.1.2" value="true"/>
    <property name="surefire.real.class.path" value="C:\Users\qian\AppData\Local\Temp\surefire9851226761654279946\surefirebooter1436174259668958967.jar"/>
    <property name="user.script" value=""/>
    <property name="sun.management.compiler" value="HotSpot 64-Bit Tiered Compilers"/>
    <property name="java.runtime.version" value="11.0.7+8-LTS"/>
    <property name="user.name" value="qian"/>
    <property name="path.separator" value=";"/>
    <property name="os.version" value="10.0"/>
    <property name="java.runtime.name" value="Java(TM) SE Runtime Environment"/>
    <property name="file.encoding" value="GBK"/>
    <property name="java.vm.name" value="Java HotSpot(TM) 64-Bit Server VM"/>
    <property name="java.vendor.version" value="18.9"/>
    <property name="localRepository" value="D:\IDEA_Project\JAVA_Web\JAVA_Libs\maven_local_repository"/>
    <property name="java.vendor.url.bug" value="https://bugreport.java.com/bugreport/"/>
    <property name="java.io.tmpdir" value="C:\Users\qian\AppData\Local\Temp\"/>
    <property name="java.version" value="11.0.7"/>
    <property name="user.dir" value="D:\IDEA_Project\myblog-mybatis"/>
    <property name="os.arch" value="amd64"/>
    <property name="java.vm.specification.name" value="Java Virtual Machine Specification"/>
    <property name="java.awt.printerjob" value="sun.awt.windows.WPrinterJob"/>
    <property name="sun.os.patch.level" value=""/>
    <property name="java.library.path" value="D:\Program Files\Java\jdk-11.0.7\bin;C:\WINDOWS\Sun\Java\bin;C:\WINDOWS\system32;C:\WINDOWS;C:\Program Files\MySQL\MySQL Server 8.0\bin;C:\WINDOWS\system32;C:\WINDOWS;C:\WINDOWS\System32\Wbem;C:\WINDOWS\System32\WindowsPowerShell\v1.0\;C:\WINDOWS\System32\OpenSSH\;C:\Program Files\PuTTY\;C:\Program Files (x86)\Windows Kits\8.1\Windows Performance Toolkit\;D:\Program Files\Microsoft VS Code\bin;D:\minGW64\mingw64\bin;D:\Program Files\nodejs\;D:\Program Files (x86)\Yarn\bin\;C:\Python27;D:\Program Files\Git\cmd;D:\Program Files\Java\jdk-11.0.7\bin;C:\Users\qian\AppData\Local\Microsoft\WindowsApps;D:\anaconda3;D:\anaconda3\Scripts;D:\anaconda3\Library\mingw-w64\bin;D:\anaconda3\Library\bin;D:\IDEA_Project\JAVA_Web\JAVA_Libs\apache-maven-3.6.3\bin;C:\Users\qian\AppData\Local\atom\bin;D:\Develop\nodejs\node_global;C:\Users\qian\AppData\Local\Yarn\bin;D:\texlive\2020\bin\win32;;%USERPROFILE%\AppData\Local\Microsoft\WindowsApps;."/>
    <property name="java.vendor" value="Oracle Corporation"/>
    <property name="java.vm.info" value="mixed mode"/>
    <property name="java.vm.version" value="11.0.7+8-LTS"/>
    <property name="sun.io.unicode.encoding" value="UnicodeLittle"/>
    <property name="maven.repo.local" value="D:\IDEA_Project\JAVA_Web\JAVA_Libs\maven_local_repository"/>
    <property name="java.class.version" value="55.0"/>
  </properties>
  <testcase name="contextLoads" classname="com.star.MyblogApplicationTests" time="0.512"/>
</testsuite>